2023-06-19 12:19:15,599 INFO raft peers changed: [Member{ip='192.168.211.1', port=8848, state=UP, extendInfo={raftPort=7848}}]

2023-06-19 12:19:15,624 INFO initializing Raft sub-system

2023-06-19 12:19:15,626 INFO finish loading all datums, size: 0 cost 2 ms.

2023-06-19 12:19:15,629 INFO cache loaded, datum count: 0, current term: 0

2023-06-19 12:19:15,629 INFO finish to load data from disk, cost: 5 ms.

2023-06-19 12:19:15,632 INFO timer started: leader timeout ms: 15000, heart-beat timeout ms: 5000

2023-06-19 12:19:15,963 INFO add listener: com.alibaba.nacos.naming.domains.meta.00-00---000-NACOS_SWITCH_DOMAIN-000---00-00

2023-06-19 12:19:15,977 INFO add listener: com.alibaba.nacos.naming.domains.meta.

2023-06-19 12:19:20,593 WARN start to close old raft protocol!!!

2023-06-19 12:19:20,593 WARN stop old raft protocol task for notifier

2023-06-19 12:19:20,594 WARN stop old raft protocol task for master task

2023-06-19 12:19:20,594 WARN stop old raft protocol task for heartbeat task

2023-06-19 12:19:20,594 WARN clean old cache datum for old raft

2023-06-19 12:19:20,594 WARN start to close old raft protocol!!!

2023-06-19 12:19:20,594 WARN stop old raft protocol task for notifier

2023-06-19 12:19:20,594 WARN stop old raft protocol task for master task

2023-06-19 12:19:20,594 WARN stop old raft protocol task for heartbeat task

2023-06-19 12:19:20,594 WARN clean old cache datum for old raft

2023-06-19 12:19:20,594 WARN start to move old raft protocol metadata

2023-06-19 12:19:20,599 WARN start to move old raft protocol metadata

2023-06-19 12:19:20,601 INFO raft peers changed: [Member{ip='192.168.211.1', port=8848, state=UP, extendInfo={lastRefreshTime=1687148360599, raftPort=7848, version=1.4.4}}]

2023-06-19 12:22:36,986 INFO add listener: com.alibaba.nacos.naming.iplist.public##DEFAULT_GROUP@@gateway

2023-06-19 13:44:40,016 INFO add listener: com.alibaba.nacos.naming.iplist.public##DEFAULT_GROUP@@auth-service

2023-06-19 13:49:36,045 INFO [RAFT-NOTIFIER] datum is deleted, key: com.alibaba.nacos.naming.domains.meta.public##DEFAULT_GROUP@@auth-service

2023-06-19 13:49:36,055 INFO [RAFT-NOTIFIER] datum is deleted, key: com.alibaba.nacos.naming.domains.meta.public##DEFAULT_GROUP@@gateway

