2023-06-19 12:19:46,139 INFO PERFORMANCE:|0|0|-1|-1

2023-06-19 12:24:46,153 INFO PERFORMANCE:|1|1|-1|-1

2023-06-19 12:29:46,164 INFO PERFORMANCE:|1|1|-1|-1

2023-06-19 12:34:46,177 INFO PERFORMANCE:|1|1|-1|-1

2023-06-19 12:39:46,184 INFO PERFORMANCE:|1|1|-1|-1

2023-06-19 12:44:46,193 INFO PERFORMANCE:|1|1|-1|-1

2023-06-19 12:49:46,204 INFO PERFORMANCE:|1|1|-1|-1

2023-06-19 12:54:46,219 INFO PERFORMANCE:|1|1|-1|-1

2023-06-19 12:59:46,220 INFO PERFORMANCE:|1|1|-1|-1

2023-06-19 13:04:46,225 INFO PERFORMANCE:|1|1|-1|-1

2023-06-19 13:09:46,232 INFO PERFORMANCE:|1|1|-1|-1

2023-06-19 13:14:46,246 INFO PERFORMANCE:|1|1|-1|-1

2023-06-19 13:19:46,253 INFO PERFORMANCE:|1|1|-1|-1

2023-06-19 13:24:46,272 INFO PERFORMANCE:|1|1|-1|-1

2023-06-19 13:29:46,285 INFO PERFORMANCE:|1|1|-1|-1

2023-06-19 13:34:46,298 INFO PERFORMANCE:|1|1|-1|-1

2023-06-19 13:39:46,311 INFO PERFORMANCE:|1|1|-1|-1

2023-06-19 13:44:46,325 INFO PERFORMANCE:|2|2|-1|-1

2023-06-19 13:49:46,331 INFO PERFORMANCE:|0|0|-1|-1

2023-06-19 13:54:46,343 INFO PERFORMANCE:|0|0|-1|-1

2023-06-19 13:59:46,354 INFO PERFORMANCE:|0|0|-1|-1

2023-06-19 14:04:46,357 INFO PERFORMANCE:|0|0|-1|-1

2023-06-19 14:09:46,362 INFO PERFORMANCE:|0|0|-1|-1

2023-06-19 14:14:46,372 INFO PERFORMANCE:|0|0|-1|-1

2023-06-19 14:19:46,375 INFO PERFORMANCE:|0|0|-1|-1

2023-06-19 14:24:46,386 INFO PERFORMANCE:|0|0|-1|-1

2023-06-19 14:29:46,398 INFO PERFORMANCE:|0|0|-1|-1

2023-06-19 14:34:46,411 INFO PERFORMANCE:|0|0|-1|-1

2023-06-19 14:39:46,420 INFO PERFORMANCE:|0|0|-1|-1

2023-06-19 14:44:46,425 INFO PERFORMANCE:|0|0|-1|-1

2023-06-19 14:49:46,431 INFO PERFORMANCE:|0|0|-1|-1

2023-06-19 14:54:46,434 INFO PERFORMANCE:|0|0|-1|-1

2023-06-19 14:59:46,436 INFO PERFORMANCE:|0|0|-1|-1

2023-06-19 15:04:46,449 INFO PERFORMANCE:|0|0|-1|-1

2023-06-19 15:09:46,462 INFO PERFORMANCE:|0|0|-1|-1

2023-06-19 15:14:46,463 INFO PERFORMANCE:|0|0|-1|-1

2023-06-19 15:19:46,468 INFO PERFORMANCE:|0|0|-1|-1

2023-06-19 15:24:46,484 INFO PERFORMANCE:|0|0|-1|-1

2023-06-19 15:29:46,485 INFO PERFORMANCE:|0|0|-1|-1

2023-06-19 15:34:46,498 INFO PERFORMANCE:|0|0|-1|-1

2023-06-19 15:39:46,590 INFO PERFORMANCE:|0|0|-1|-1

2023-06-19 15:44:46,600 INFO PERFORMANCE:|0|0|-1|-1

2023-06-19 15:49:46,613 INFO PERFORMANCE:|0|0|-1|-1

2023-06-19 15:54:46,618 INFO PERFORMANCE:|0|0|-1|-1

2023-06-19 15:59:46,622 INFO PERFORMANCE:|0|0|-1|-1

2023-06-19 16:04:46,624 INFO PERFORMANCE:|0|0|-1|-1

2023-06-19 16:09:46,641 INFO PERFORMANCE:|0|0|-1|-1

2023-06-19 16:14:46,645 INFO PERFORMANCE:|0|0|-1|-1

2023-06-19 16:19:46,667 INFO PERFORMANCE:|0|0|-1|-1

2023-06-19 16:24:46,692 INFO PERFORMANCE:|0|0|-1|-1

2023-06-19 16:29:46,694 INFO PERFORMANCE:|0|0|-1|-1

2023-06-19 16:34:46,706 INFO PERFORMANCE:|0|0|-1|-1

2023-06-19 16:39:46,722 INFO PERFORMANCE:|0|0|-1|-1

2023-06-19 16:44:46,760 INFO PERFORMANCE:|0|0|-1|-1

2023-06-19 16:49:46,763 INFO PERFORMANCE:|0|0|-1|-1

2023-06-19 16:54:46,771 INFO PERFORMANCE:|0|0|-1|-1

2023-06-19 16:59:46,785 INFO PERFORMANCE:|0|0|-1|-1

